{
  "0 debug pnpm:scope": {
    "selected": 1
  },
  "1 info pnpm": {
    "err": {
      "name": "Error",
      "message": "not found: next",
      "code": "ENOENT",
      "stack": "Error: not found: next\n    at getNotFoundError (C:\\Users\\User\\.node\\corepack\\pnpm\\7.1.7\\dist\\pnpm.cjs:41702:51)\n    at Function.whichSync [as sync] (C:\\Users\\User\\.node\\corepack\\pnpm\\7.1.7\\dist\\pnpm.cjs:41779:13)\n    at getCommandAbsolutePathSync (C:\\Users\\User\\.node\\corepack\\pnpm\\7.1.7\\dist\\pnpm.cjs:43344:44)\n    at default_1 (C:\\Users\\User\\.node\\corepack\\pnpm\\7.1.7\\dist\\pnpm.cjs:43353:32)\n    at C:\\Users\\User\\.node\\corepack\\pnpm\\7.1.7\\dist\\pnpm.cjs:178391:39"
    }
  },
  "2 error pnpm": {
    "code": "ERR_PNPM_RECURSIVE_EXEC_FIRST_FAIL",
    "prefix": "C:\\Users\\User\\Desktop\\Devang All Desktop Files\\EDI",
    "err": {
      "name": "pnpm",
      "message": "not found: next",
      "code": "ERR_PNPM_RECURSIVE_EXEC_FIRST_FAIL",
      "stack": "Error: not found: next\n    at getNotFoundError (C:\\Users\\User\\.node\\corepack\\pnpm\\7.1.7\\dist\\pnpm.cjs:41702:51)\n    at Function.whichSync [as sync] (C:\\Users\\User\\.node\\corepack\\pnpm\\7.1.7\\dist\\pnpm.cjs:41779:13)\n    at getCommandAbsolutePathSync (C:\\Users\\User\\.node\\corepack\\pnpm\\7.1.7\\dist\\pnpm.cjs:43344:44)\n    at default_1 (C:\\Users\\User\\.node\\corepack\\pnpm\\7.1.7\\dist\\pnpm.cjs:43353:32)\n    at C:\\Users\\User\\.node\\corepack\\pnpm\\7.1.7\\dist\\pnpm.cjs:178391:39"
    }
  }
}